2021-05-26 00:00:52.711  INFO 8632 --- [restartedMain] c.bl.addressbook.AddressBookApplication  : Starting AddressBookApplication using Java 15.0.2 on DESKTOP-VGDQHR4 with PID 8632 (C:\Users\Aakash\Desktop\Bridgelabz\AddressBook\target\classes started by Aakash in C:\Users\Aakash\Desktop\Bridgelabz\AddressBook)
2021-05-26 00:00:52.779  INFO 8632 --- [restartedMain] c.bl.addressbook.AddressBookApplication  : The following profiles are active: Development
2021-05-26 00:00:53.204  INFO 8632 --- [restartedMain] .e.DevToolsPropertyDefaultsPostProcessor : Devtools property defaults active! Set 'spring.devtools.add-properties' to 'false' to disable
2021-05-26 00:00:53.205  INFO 8632 --- [restartedMain] .e.DevToolsPropertyDefaultsPostProcessor : For additional web related logging consider setting the 'logging.level.web' property to 'DEBUG'
2021-05-26 00:01:05.195  INFO 8632 --- [restartedMain] .s.d.r.c.RepositoryConfigurationDelegate : Bootstrapping Spring Data JPA repositories in DEFAULT mode.
2021-05-26 00:01:05.550  INFO 8632 --- [restartedMain] .s.d.r.c.RepositoryConfigurationDelegate : Finished Spring Data repository scanning in 333 ms. Found 1 JPA repository interfaces.
2021-05-26 00:01:07.153  INFO 8632 --- [restartedMain] trationDelegate$BeanPostProcessorChecker : Bean 'org.springframework.ws.config.annotation.DelegatingWsConfiguration' of type [org.springframework.ws.config.annotation.DelegatingWsConfiguration$$EnhancerBySpringCGLIB$$8fe976bd] is not eligible for getting processed by all BeanPostProcessors (for example: not eligible for auto-proxying)
2021-05-26 00:01:07.483  INFO 8632 --- [restartedMain] .w.s.a.s.AnnotationActionEndpointMapping : Supporting [WS-Addressing August 2004, WS-Addressing 1.0]
2021-05-26 00:01:08.775  WARN 8632 --- [restartedMain] ConfigServletWebServerApplicationContext : Exception encountered during context initialization - cancelling refresh attempt: org.springframework.context.ApplicationContextException: Unable to start web server; nested exception is org.springframework.boot.web.server.WebServerException: Unable to create tempDir. java.io.tmpdir is set to C:\Users\Aakash\AppData\Local\Temp\
2021-05-26 00:01:08.809  INFO 8632 --- [restartedMain] ConditionEvaluationReportLoggingListener : 

Error starting ApplicationContext. To display the conditions report re-run your application with 'debug' enabled.
2021-05-26 00:01:09.152 ERROR 8632 --- [restartedMain] o.s.boot.SpringApplication               : Application run failed

org.springframework.context.ApplicationContextException: Unable to start web server; nested exception is org.springframework.boot.web.server.WebServerException: Unable to create tempDir. java.io.tmpdir is set to C:\Users\Aakash\AppData\Local\Temp\
	at org.springframework.boot.web.servlet.context.ServletWebServerApplicationContext.onRefresh(ServletWebServerApplicationContext.java:162) ~[spring-boot-2.4.5.jar:2.4.5]
	at org.springframework.context.support.AbstractApplicationContext.refresh(AbstractApplicationContext.java:577) ~[spring-context-5.3.6.jar:5.3.6]
	at org.springframework.boot.web.servlet.context.ServletWebServerApplicationContext.refresh(ServletWebServerApplicationContext.java:144) ~[spring-boot-2.4.5.jar:2.4.5]
	at org.springframework.boot.SpringApplication.refresh(SpringApplication.java:782) ~[spring-boot-2.4.5.jar:2.4.5]
	at org.springframework.boot.SpringApplication.refresh(SpringApplication.java:774) ~[spring-boot-2.4.5.jar:2.4.5]
	at org.springframework.boot.SpringApplication.refreshContext(SpringApplication.java:439) ~[spring-boot-2.4.5.jar:2.4.5]
	at org.springframework.boot.SpringApplication.run(SpringApplication.java:339) ~[spring-boot-2.4.5.jar:2.4.5]
	at org.springframework.boot.SpringApplication.run(SpringApplication.java:1340) ~[spring-boot-2.4.5.jar:2.4.5]
	at org.springframework.boot.SpringApplication.run(SpringApplication.java:1329) ~[spring-boot-2.4.5.jar:2.4.5]
	at com.bl.addressbook.AddressBookApplication.main(AddressBookApplication.java:15) ~[classes/:na]
	at java.base/jdk.internal.reflect.NativeMethodAccessorImpl.invoke0(Native Method) ~[na:na]
	at java.base/jdk.internal.reflect.NativeMethodAccessorImpl.invoke(NativeMethodAccessorImpl.java:64) ~[na:na]
	at java.base/jdk.internal.reflect.DelegatingMethodAccessorImpl.invoke(DelegatingMethodAccessorImpl.java:43) ~[na:na]
	at java.base/java.lang.reflect.Method.invoke(Method.java:564) ~[na:na]
	at org.springframework.boot.devtools.restart.RestartLauncher.run(RestartLauncher.java:49) ~[spring-boot-devtools-2.4.5.jar:2.4.5]
Caused by: org.springframework.boot.web.server.WebServerException: Unable to create tempDir. java.io.tmpdir is set to C:\Users\Aakash\AppData\Local\Temp\
	at org.springframework.boot.web.server.AbstractConfigurableWebServerFactory.createTempDir(AbstractConfigurableWebServerFactory.java:195) ~[spring-boot-2.4.5.jar:2.4.5]
	at org.springframework.boot.web.embedded.tomcat.TomcatServletWebServerFactory.getWebServer(TomcatServletWebServerFactory.java:186) ~[spring-boot-2.4.5.jar:2.4.5]
	at org.springframework.boot.web.servlet.context.ServletWebServerApplicationContext.createWebServer(ServletWebServerApplicationContext.java:181) ~[spring-boot-2.4.5.jar:2.4.5]
	at org.springframework.boot.web.servlet.context.ServletWebServerApplicationContext.onRefresh(ServletWebServerApplicationContext.java:159) ~[spring-boot-2.4.5.jar:2.4.5]
	... 14 common frames omitted
Caused by: java.nio.file.NoSuchFileException: C:\Users\Aakash\AppData\Local\Temp\tomcat.8080.17181456781019587798
	at java.base/sun.nio.fs.WindowsException.translateToIOException(WindowsException.java:85) ~[na:na]
	at java.base/sun.nio.fs.WindowsException.rethrowAsIOException(WindowsException.java:103) ~[na:na]
	at java.base/sun.nio.fs.WindowsException.rethrowAsIOException(WindowsException.java:108) ~[na:na]
	at java.base/sun.nio.fs.WindowsFileSystemProvider.createDirectory(WindowsFileSystemProvider.java:506) ~[na:na]
	at java.base/java.nio.file.Files.createDirectory(Files.java:694) ~[na:na]
	at java.base/java.nio.file.TempFileHelper.create(TempFileHelper.java:135) ~[na:na]
	at java.base/java.nio.file.TempFileHelper.createTempDirectory(TempFileHelper.java:172) ~[na:na]
	at java.base/java.nio.file.Files.createTempDirectory(Files.java:1011) ~[na:na]
	at org.springframework.boot.web.server.AbstractConfigurableWebServerFactory.createTempDir(AbstractConfigurableWebServerFactory.java:189) ~[spring-boot-2.4.5.jar:2.4.5]
	... 17 common frames omitted

2021-05-26 00:01:22.946  INFO 1268 --- [restartedMain] c.bl.addressbook.AddressBookApplication  : Starting AddressBookApplication using Java 15.0.2 on DESKTOP-VGDQHR4 with PID 1268 (C:\Users\Aakash\Desktop\Bridgelabz\AddressBook\target\classes started by Aakash in C:\Users\Aakash\Desktop\Bridgelabz\AddressBook)
2021-05-26 00:01:22.952  INFO 1268 --- [restartedMain] c.bl.addressbook.AddressBookApplication  : The following profiles are active: Development
2021-05-26 00:01:23.179  INFO 1268 --- [restartedMain] .e.DevToolsPropertyDefaultsPostProcessor : Devtools property defaults active! Set 'spring.devtools.add-properties' to 'false' to disable
2021-05-26 00:01:23.181  INFO 1268 --- [restartedMain] .e.DevToolsPropertyDefaultsPostProcessor : For additional web related logging consider setting the 'logging.level.web' property to 'DEBUG'
2021-05-26 00:01:24.462  INFO 1268 --- [restartedMain] .s.d.r.c.RepositoryConfigurationDelegate : Bootstrapping Spring Data JPA repositories in DEFAULT mode.
2021-05-26 00:01:24.526  INFO 1268 --- [restartedMain] .s.d.r.c.RepositoryConfigurationDelegate : Finished Spring Data repository scanning in 55 ms. Found 1 JPA repository interfaces.
2021-05-26 00:01:24.849  INFO 1268 --- [restartedMain] trationDelegate$BeanPostProcessorChecker : Bean 'org.springframework.ws.config.annotation.DelegatingWsConfiguration' of type [org.springframework.ws.config.annotation.DelegatingWsConfiguration$$EnhancerBySpringCGLIB$$9bfd0406] is not eligible for getting processed by all BeanPostProcessors (for example: not eligible for auto-proxying)
2021-05-26 00:01:24.902  INFO 1268 --- [restartedMain] .w.s.a.s.AnnotationActionEndpointMapping : Supporting [WS-Addressing August 2004, WS-Addressing 1.0]
2021-05-26 00:01:25.687  INFO 1268 --- [restartedMain] o.s.b.w.embedded.tomcat.TomcatWebServer  : Tomcat initialized with port(s): 8080 (http)
2021-05-26 00:01:25.796  INFO 1268 --- [restartedMain] o.apache.catalina.core.StandardService   : Starting service [Tomcat]
2021-05-26 00:01:25.797  INFO 1268 --- [restartedMain] org.apache.catalina.core.StandardEngine  : Starting Servlet engine: [Apache Tomcat/9.0.45]
2021-05-26 00:01:26.434  INFO 1268 --- [restartedMain] o.a.c.c.C.[Tomcat].[localhost].[/]       : Initializing Spring embedded WebApplicationContext
2021-05-26 00:01:26.435  INFO 1268 --- [restartedMain] w.s.c.ServletWebServerApplicationContext : Root WebApplicationContext: initialization completed in 3252 ms
2021-05-26 00:01:27.141  INFO 1268 --- [restartedMain] o.hibernate.jpa.internal.util.LogHelper  : HHH000204: Processing PersistenceUnitInfo [name: default]
2021-05-26 00:01:27.522  INFO 1268 --- [restartedMain] org.hibernate.Version                    : HHH000412: Hibernate ORM core version 5.4.30.Final
2021-05-26 00:01:28.244  INFO 1268 --- [restartedMain] o.hibernate.annotations.common.Version   : HCANN000001: Hibernate Commons Annotations {5.1.2.Final}
2021-05-26 00:01:28.977  INFO 1268 --- [restartedMain] com.zaxxer.hikari.HikariDataSource       : HikariPool-1 - Starting...
2021-05-26 00:01:39.327  INFO 1268 --- [restartedMain] com.zaxxer.hikari.HikariDataSource       : HikariPool-1 - Start completed.
2021-05-26 00:01:39.589  INFO 1268 --- [restartedMain] org.hibernate.dialect.Dialect            : HHH000400: Using dialect: org.hibernate.dialect.MySQL57Dialect
2021-05-26 00:01:47.901  INFO 1268 --- [restartedMain] o.h.e.t.j.p.i.JtaPlatformInitiator       : HHH000490: Using JtaPlatform implementation: [org.hibernate.engine.transaction.jta.platform.internal.NoJtaPlatform]
2021-05-26 00:01:48.036  INFO 1268 --- [restartedMain] j.LocalContainerEntityManagerFactoryBean : Initialized JPA EntityManagerFactory for persistence unit 'default'
2021-05-26 00:01:48.474  INFO 1268 --- [restartedMain] o.s.b.d.a.OptionalLiveReloadServer       : LiveReload server is running on port 35729
2021-05-26 00:01:51.760  WARN 1268 --- [restartedMain] JpaBaseConfiguration$JpaWebConfiguration : spring.jpa.open-in-view is enabled by default. Therefore, database queries may be performed during view rendering. Explicitly configure spring.jpa.open-in-view to disable this warning
2021-05-26 00:01:52.238  INFO 1268 --- [restartedMain] pertySourcedRequestMappingHandlerMapping : Mapped URL path [/v2/api-docs] onto method [springfox.documentation.swagger2.web.Swagger2Controller#getDocumentation(String, HttpServletRequest)]
2021-05-26 00:01:52.464  INFO 1268 --- [restartedMain] o.s.s.concurrent.ThreadPoolTaskExecutor  : Initializing ExecutorService 'applicationTaskExecutor'
2021-05-26 00:01:53.397  INFO 1268 --- [restartedMain] o.s.b.w.embedded.tomcat.TomcatWebServer  : Tomcat started on port(s): 8080 (http) with context path ''
2021-05-26 00:01:53.399  INFO 1268 --- [restartedMain] d.s.w.p.DocumentationPluginsBootstrapper : Context refreshed
2021-05-26 00:01:53.824  INFO 1268 --- [restartedMain] d.s.w.p.DocumentationPluginsBootstrapper : Found 1 custom documentation plugin(s)
2021-05-26 00:01:53.920  INFO 1268 --- [restartedMain] s.d.s.w.s.ApiListingReferenceScanner     : Scanning for api listing references
2021-05-26 00:01:54.260  INFO 1268 --- [restartedMain] .d.s.w.r.o.CachingOperationNameGenerator : Generating unique operation named: addPersonUsingPOST_1
2021-05-26 00:01:54.277  INFO 1268 --- [restartedMain] .d.s.w.r.o.CachingOperationNameGenerator : Generating unique operation named: deleteContactUsingDELETE_1
2021-05-26 00:01:54.290  INFO 1268 --- [restartedMain] .d.s.w.r.o.CachingOperationNameGenerator : Generating unique operation named: findPersonUsingGET_1
2021-05-26 00:01:54.296  INFO 1268 --- [restartedMain] .d.s.w.r.o.CachingOperationNameGenerator : Generating unique operation named: listPersonsUsingGET_1
2021-05-26 00:01:54.302  INFO 1268 --- [restartedMain] .d.s.w.r.o.CachingOperationNameGenerator : Generating unique operation named: searchByCityOrStateUsingGET_1
2021-05-26 00:01:54.309  INFO 1268 --- [restartedMain] .d.s.w.r.o.CachingOperationNameGenerator : Generating unique operation named: updateContactUsingPUT_1
2021-05-26 00:01:54.648  INFO 1268 --- [restartedMain] c.bl.addressbook.AddressBookApplication  : Started AddressBookApplication in 32.328 seconds (JVM running for 33.447)
2021-05-26 00:01:54.652  WARN 1268 --- [restartedMain] c.bl.addressbook.AddressBookApplication  : Application Started
2021-05-26 00:02:14.652  INFO 1268 --- [http-nio-8080-exec-1] o.a.c.c.C.[Tomcat].[localhost].[/]       : Initializing Spring DispatcherServlet 'dispatcherServlet'
2021-05-26 00:02:14.653  INFO 1268 --- [http-nio-8080-exec-1] o.s.web.servlet.DispatcherServlet        : Initializing Servlet 'dispatcherServlet'
2021-05-26 00:02:14.654  INFO 1268 --- [http-nio-8080-exec-1] o.s.web.servlet.DispatcherServlet        : Completed initialization in 1 ms
2021-05-26 00:18:10.373  INFO 1268 --- [Thread-4] o.s.s.concurrent.ThreadPoolTaskExecutor  : Shutting down ExecutorService 'applicationTaskExecutor'
2021-05-26 00:18:10.378  INFO 1268 --- [Thread-4] j.LocalContainerEntityManagerFactoryBean : Closing JPA EntityManagerFactory for persistence unit 'default'
2021-05-26 00:18:10.501  INFO 1268 --- [Thread-4] com.zaxxer.hikari.HikariDataSource       : HikariPool-1 - Shutdown initiated...
2021-05-26 00:18:10.673  INFO 1268 --- [Thread-4] com.zaxxer.hikari.HikariDataSource       : HikariPool-1 - Shutdown completed.
2021-05-26 00:18:11.058  INFO 1268 --- [restartedMain] c.bl.addressbook.AddressBookApplication  : Starting AddressBookApplication using Java 15.0.2 on DESKTOP-VGDQHR4 with PID 1268 (C:\Users\Aakash\Desktop\Bridgelabz\AddressBook\target\classes started by Aakash in C:\Users\Aakash\Desktop\Bridgelabz\AddressBook)
2021-05-26 00:18:11.059  INFO 1268 --- [restartedMain] c.bl.addressbook.AddressBookApplication  : The following profiles are active: Development
2021-05-26 00:18:11.763  INFO 1268 --- [restartedMain] .s.d.r.c.RepositoryConfigurationDelegate : Bootstrapping Spring Data JPA repositories in DEFAULT mode.
2021-05-26 00:18:11.776  INFO 1268 --- [restartedMain] .s.d.r.c.RepositoryConfigurationDelegate : Finished Spring Data repository scanning in 12 ms. Found 1 JPA repository interfaces.
2021-05-26 00:18:11.824  INFO 1268 --- [restartedMain] trationDelegate$BeanPostProcessorChecker : Bean 'org.springframework.ws.config.annotation.DelegatingWsConfiguration' of type [org.springframework.ws.config.annotation.DelegatingWsConfiguration$$EnhancerBySpringCGLIB$$9bfd0406] is not eligible for getting processed by all BeanPostProcessors (for example: not eligible for auto-proxying)
2021-05-26 00:18:11.826  INFO 1268 --- [restartedMain] .w.s.a.s.AnnotationActionEndpointMapping : Supporting [WS-Addressing August 2004, WS-Addressing 1.0]
2021-05-26 00:18:11.985  INFO 1268 --- [restartedMain] o.s.b.w.embedded.tomcat.TomcatWebServer  : Tomcat initialized with port(s): 8080 (http)
2021-05-26 00:18:11.986  INFO 1268 --- [restartedMain] o.apache.catalina.core.StandardService   : Starting service [Tomcat]
2021-05-26 00:18:11.987  INFO 1268 --- [restartedMain] org.apache.catalina.core.StandardEngine  : Starting Servlet engine: [Apache Tomcat/9.0.45]
2021-05-26 00:18:12.042  INFO 1268 --- [restartedMain] o.a.c.c.C.[Tomcat].[localhost].[/]       : Initializing Spring embedded WebApplicationContext
2021-05-26 00:18:12.042  INFO 1268 --- [restartedMain] w.s.c.ServletWebServerApplicationContext : Root WebApplicationContext: initialization completed in 980 ms
2021-05-26 00:18:12.092  INFO 1268 --- [restartedMain] o.hibernate.jpa.internal.util.LogHelper  : HHH000204: Processing PersistenceUnitInfo [name: default]
2021-05-26 00:18:12.097  INFO 1268 --- [restartedMain] com.zaxxer.hikari.HikariDataSource       : HikariPool-2 - Starting...
2021-05-26 00:18:12.287  INFO 1268 --- [restartedMain] com.zaxxer.hikari.HikariDataSource       : HikariPool-2 - Start completed.
2021-05-26 00:18:12.289  INFO 1268 --- [restartedMain] org.hibernate.dialect.Dialect            : HHH000400: Using dialect: org.hibernate.dialect.MySQL57Dialect
2021-05-26 00:18:12.658  INFO 1268 --- [restartedMain] o.h.e.t.j.p.i.JtaPlatformInitiator       : HHH000490: Using JtaPlatform implementation: [org.hibernate.engine.transaction.jta.platform.internal.NoJtaPlatform]
2021-05-26 00:18:12.659  INFO 1268 --- [restartedMain] j.LocalContainerEntityManagerFactoryBean : Initialized JPA EntityManagerFactory for persistence unit 'default'
2021-05-26 00:18:12.670  INFO 1268 --- [restartedMain] o.s.b.d.a.OptionalLiveReloadServer       : LiveReload server is running on port 35729
2021-05-26 00:18:12.787  WARN 1268 --- [restartedMain] JpaBaseConfiguration$JpaWebConfiguration : spring.jpa.open-in-view is enabled by default. Therefore, database queries may be performed during view rendering. Explicitly configure spring.jpa.open-in-view to disable this warning
2021-05-26 00:18:12.843  INFO 1268 --- [restartedMain] pertySourcedRequestMappingHandlerMapping : Mapped URL path [/v2/api-docs] onto method [springfox.documentation.swagger2.web.Swagger2Controller#getDocumentation(String, HttpServletRequest)]
2021-05-26 00:18:12.910  INFO 1268 --- [restartedMain] o.s.s.concurrent.ThreadPoolTaskExecutor  : Initializing ExecutorService 'applicationTaskExecutor'
2021-05-26 00:18:13.024  INFO 1268 --- [restartedMain] o.s.b.w.embedded.tomcat.TomcatWebServer  : Tomcat started on port(s): 8080 (http) with context path ''
2021-05-26 00:18:13.025  INFO 1268 --- [restartedMain] d.s.w.p.DocumentationPluginsBootstrapper : Context refreshed
2021-05-26 00:18:13.026  INFO 1268 --- [restartedMain] d.s.w.p.DocumentationPluginsBootstrapper : Found 1 custom documentation plugin(s)
2021-05-26 00:18:13.031  INFO 1268 --- [restartedMain] s.d.s.w.s.ApiListingReferenceScanner     : Scanning for api listing references
2021-05-26 00:18:13.054  INFO 1268 --- [restartedMain] .d.s.w.r.o.CachingOperationNameGenerator : Generating unique operation named: addPersonUsingPOST_1
2021-05-26 00:18:13.059  INFO 1268 --- [restartedMain] .d.s.w.r.o.CachingOperationNameGenerator : Generating unique operation named: deleteContactUsingDELETE_1
2021-05-26 00:18:13.064  INFO 1268 --- [restartedMain] .d.s.w.r.o.CachingOperationNameGenerator : Generating unique operation named: findPersonUsingGET_1
2021-05-26 00:18:13.070  INFO 1268 --- [restartedMain] .d.s.w.r.o.CachingOperationNameGenerator : Generating unique operation named: listPersonsUsingGET_1
2021-05-26 00:18:13.077  INFO 1268 --- [restartedMain] .d.s.w.r.o.CachingOperationNameGenerator : Generating unique operation named: searchByCityOrStateUsingGET_1
2021-05-26 00:18:13.083  INFO 1268 --- [restartedMain] .d.s.w.r.o.CachingOperationNameGenerator : Generating unique operation named: updateContactUsingPUT_1
2021-05-26 00:18:13.133  INFO 1268 --- [restartedMain] c.bl.addressbook.AddressBookApplication  : Started AddressBookApplication in 2.16 seconds (JVM running for 1011.932)
2021-05-26 00:18:13.136  INFO 1268 --- [restartedMain] .ConditionEvaluationDeltaLoggingListener : Condition evaluation unchanged
2021-05-26 00:18:13.137  WARN 1268 --- [restartedMain] c.bl.addressbook.AddressBookApplication  : Application Started
2021-05-26 00:18:35.414  INFO 1268 --- [RMI TCP Connection(20)-127.0.0.1] inMXBeanRegistrar$SpringApplicationAdmin : Application shutdown requested.
2021-05-26 00:18:35.440  INFO 1268 --- [RMI TCP Connection(20)-127.0.0.1] o.s.s.concurrent.ThreadPoolTaskExecutor  : Shutting down ExecutorService 'applicationTaskExecutor'
2021-05-26 00:18:35.443  INFO 1268 --- [RMI TCP Connection(20)-127.0.0.1] j.LocalContainerEntityManagerFactoryBean : Closing JPA EntityManagerFactory for persistence unit 'default'
2021-05-26 00:18:35.444  INFO 1268 --- [RMI TCP Connection(20)-127.0.0.1] com.zaxxer.hikari.HikariDataSource       : HikariPool-2 - Shutdown initiated...
2021-05-26 00:18:35.449  INFO 1268 --- [RMI TCP Connection(20)-127.0.0.1] com.zaxxer.hikari.HikariDataSource       : HikariPool-2 - Shutdown completed.
2021-05-26 11:48:37.875  INFO 18044 --- [restartedMain] c.bl.addressbook.AddressBookApplication  : Starting AddressBookApplication using Java 15.0.2 on DESKTOP-VGDQHR4 with PID 18044 (C:\Users\Aakash\Desktop\Bridgelabz\AddressBook\target\classes started by Aakash in C:\Users\Aakash\Desktop\Bridgelabz\AddressBook)
2021-05-26 11:48:37.887  INFO 18044 --- [restartedMain] c.bl.addressbook.AddressBookApplication  : The following profiles are active: Development
2021-05-26 11:48:37.959  INFO 18044 --- [restartedMain] .e.DevToolsPropertyDefaultsPostProcessor : Devtools property defaults active! Set 'spring.devtools.add-properties' to 'false' to disable
2021-05-26 11:48:37.961  INFO 18044 --- [restartedMain] .e.DevToolsPropertyDefaultsPostProcessor : For additional web related logging consider setting the 'logging.level.web' property to 'DEBUG'
2021-05-26 11:48:39.260  INFO 18044 --- [restartedMain] .s.d.r.c.RepositoryConfigurationDelegate : Bootstrapping Spring Data JPA repositories in DEFAULT mode.
2021-05-26 11:48:39.333  INFO 18044 --- [restartedMain] .s.d.r.c.RepositoryConfigurationDelegate : Finished Spring Data repository scanning in 61 ms. Found 1 JPA repository interfaces.
2021-05-26 11:48:39.706  INFO 18044 --- [restartedMain] trationDelegate$BeanPostProcessorChecker : Bean 'org.springframework.ws.config.annotation.DelegatingWsConfiguration' of type [org.springframework.ws.config.annotation.DelegatingWsConfiguration$$EnhancerBySpringCGLIB$$ca69569a] is not eligible for getting processed by all BeanPostProcessors (for example: not eligible for auto-proxying)
2021-05-26 11:48:39.763  INFO 18044 --- [restartedMain] .w.s.a.s.AnnotationActionEndpointMapping : Supporting [WS-Addressing August 2004, WS-Addressing 1.0]
2021-05-26 11:48:40.182  INFO 18044 --- [restartedMain] o.s.b.w.embedded.tomcat.TomcatWebServer  : Tomcat initialized with port(s): 8080 (http)
2021-05-26 11:48:40.195  INFO 18044 --- [restartedMain] o.apache.catalina.core.StandardService   : Starting service [Tomcat]
2021-05-26 11:48:40.195  INFO 18044 --- [restartedMain] org.apache.catalina.core.StandardEngine  : Starting Servlet engine: [Apache Tomcat/9.0.45]
2021-05-26 11:48:40.326  INFO 18044 --- [restartedMain] o.a.c.c.C.[Tomcat].[localhost].[/]       : Initializing Spring embedded WebApplicationContext
2021-05-26 11:48:40.328  INFO 18044 --- [restartedMain] w.s.c.ServletWebServerApplicationContext : Root WebApplicationContext: initialization completed in 2365 ms
2021-05-26 11:48:40.583  INFO 18044 --- [restartedMain] o.hibernate.jpa.internal.util.LogHelper  : HHH000204: Processing PersistenceUnitInfo [name: default]
2021-05-26 11:48:40.664  INFO 18044 --- [restartedMain] org.hibernate.Version                    : HHH000412: Hibernate ORM core version 5.4.30.Final
2021-05-26 11:48:40.858  INFO 18044 --- [restartedMain] o.hibernate.annotations.common.Version   : HCANN000001: Hibernate Commons Annotations {5.1.2.Final}
2021-05-26 11:48:40.975  INFO 18044 --- [restartedMain] com.zaxxer.hikari.HikariDataSource       : HikariPool-1 - Starting...
2021-05-26 11:48:41.397  INFO 18044 --- [restartedMain] com.zaxxer.hikari.HikariDataSource       : HikariPool-1 - Start completed.
2021-05-26 11:48:41.435  INFO 18044 --- [restartedMain] org.hibernate.dialect.Dialect            : HHH000400: Using dialect: org.hibernate.dialect.MySQL57Dialect
2021-05-26 11:48:42.555  INFO 18044 --- [restartedMain] o.h.e.t.j.p.i.JtaPlatformInitiator       : HHH000490: Using JtaPlatform implementation: [org.hibernate.engine.transaction.jta.platform.internal.NoJtaPlatform]
2021-05-26 11:48:42.574  INFO 18044 --- [restartedMain] j.LocalContainerEntityManagerFactoryBean : Initialized JPA EntityManagerFactory for persistence unit 'default'
2021-05-26 11:48:42.623  INFO 18044 --- [restartedMain] o.s.b.d.a.OptionalLiveReloadServer       : LiveReload server is running on port 35729
2021-05-26 11:48:43.263  WARN 18044 --- [restartedMain] JpaBaseConfiguration$JpaWebConfiguration : spring.jpa.open-in-view is enabled by default. Therefore, database queries may be performed during view rendering. Explicitly configure spring.jpa.open-in-view to disable this warning
2021-05-26 11:48:43.441  INFO 18044 --- [restartedMain] pertySourcedRequestMappingHandlerMapping : Mapped URL path [/v2/api-docs] onto method [springfox.documentation.swagger2.web.Swagger2Controller#getDocumentation(String, HttpServletRequest)]
2021-05-26 11:48:43.562  INFO 18044 --- [restartedMain] o.s.s.concurrent.ThreadPoolTaskExecutor  : Initializing ExecutorService 'applicationTaskExecutor'
2021-05-26 11:48:43.853  INFO 18044 --- [restartedMain] o.s.b.w.embedded.tomcat.TomcatWebServer  : Tomcat started on port(s): 8080 (http) with context path ''
2021-05-26 11:48:43.854  INFO 18044 --- [restartedMain] d.s.w.p.DocumentationPluginsBootstrapper : Context refreshed
2021-05-26 11:48:43.880  INFO 18044 --- [restartedMain] d.s.w.p.DocumentationPluginsBootstrapper : Found 1 custom documentation plugin(s)
2021-05-26 11:48:43.909  INFO 18044 --- [restartedMain] s.d.s.w.s.ApiListingReferenceScanner     : Scanning for api listing references
2021-05-26 11:48:44.053  INFO 18044 --- [restartedMain] .d.s.w.r.o.CachingOperationNameGenerator : Generating unique operation named: addPersonUsingPOST_1
2021-05-26 11:48:44.063  INFO 18044 --- [restartedMain] .d.s.w.r.o.CachingOperationNameGenerator : Generating unique operation named: deleteContactUsingDELETE_1
2021-05-26 11:48:44.073  INFO 18044 --- [restartedMain] .d.s.w.r.o.CachingOperationNameGenerator : Generating unique operation named: findPersonUsingGET_1
2021-05-26 11:48:44.082  INFO 18044 --- [restartedMain] .d.s.w.r.o.CachingOperationNameGenerator : Generating unique operation named: listPersonsUsingGET_1
2021-05-26 11:48:44.092  INFO 18044 --- [restartedMain] .d.s.w.r.o.CachingOperationNameGenerator : Generating unique operation named: searchByCityOrStateUsingGET_1
2021-05-26 11:48:44.103  INFO 18044 --- [restartedMain] .d.s.w.r.o.CachingOperationNameGenerator : Generating unique operation named: updateContactUsingPUT_1
2021-05-26 11:48:44.220  INFO 18044 --- [restartedMain] c.bl.addressbook.AddressBookApplication  : Started AddressBookApplication in 6.899 seconds (JVM running for 7.918)
2021-05-26 11:48:44.226  WARN 18044 --- [restartedMain] c.bl.addressbook.AddressBookApplication  : Application Started
2021-05-26 11:48:57.103  INFO 18044 --- [RMI TCP Connection(2)-127.0.0.1] inMXBeanRegistrar$SpringApplicationAdmin : Application shutdown requested.
2021-05-26 11:48:57.134  INFO 18044 --- [RMI TCP Connection(2)-127.0.0.1] o.s.s.concurrent.ThreadPoolTaskExecutor  : Shutting down ExecutorService 'applicationTaskExecutor'
2021-05-26 11:48:57.139  INFO 18044 --- [RMI TCP Connection(2)-127.0.0.1] j.LocalContainerEntityManagerFactoryBean : Closing JPA EntityManagerFactory for persistence unit 'default'
2021-05-26 11:48:57.144  INFO 18044 --- [RMI TCP Connection(2)-127.0.0.1] com.zaxxer.hikari.HikariDataSource       : HikariPool-1 - Shutdown initiated...
2021-05-26 11:48:57.152  INFO 18044 --- [RMI TCP Connection(2)-127.0.0.1] com.zaxxer.hikari.HikariDataSource       : HikariPool-1 - Shutdown completed.
2021-05-26 19:29:03.977  INFO 13492 --- [restartedMain] c.bl.addressbook.AddressBookApplication  : Starting AddressBookApplication using Java 15.0.2 on DESKTOP-VGDQHR4 with PID 13492 (C:\Users\Aakash\Desktop\Bridgelabz\AddressBook\target\classes started by Aakash in C:\Users\Aakash\Desktop\Bridgelabz\AddressBook)
2021-05-26 19:29:03.990  INFO 13492 --- [restartedMain] c.bl.addressbook.AddressBookApplication  : The following profiles are active: Development
2021-05-26 19:29:04.072  INFO 13492 --- [restartedMain] .e.DevToolsPropertyDefaultsPostProcessor : Devtools property defaults active! Set 'spring.devtools.add-properties' to 'false' to disable
2021-05-26 19:29:04.072  INFO 13492 --- [restartedMain] .e.DevToolsPropertyDefaultsPostProcessor : For additional web related logging consider setting the 'logging.level.web' property to 'DEBUG'
2021-05-26 19:29:05.456  INFO 13492 --- [restartedMain] .s.d.r.c.RepositoryConfigurationDelegate : Bootstrapping Spring Data JPA repositories in DEFAULT mode.
2021-05-26 19:29:05.554  INFO 13492 --- [restartedMain] .s.d.r.c.RepositoryConfigurationDelegate : Finished Spring Data repository scanning in 89 ms. Found 1 JPA repository interfaces.
2021-05-26 19:29:05.863  INFO 13492 --- [restartedMain] trationDelegate$BeanPostProcessorChecker : Bean 'org.springframework.ws.config.annotation.DelegatingWsConfiguration' of type [org.springframework.ws.config.annotation.DelegatingWsConfiguration$$EnhancerBySpringCGLIB$$fe8fc962] is not eligible for getting processed by all BeanPostProcessors (for example: not eligible for auto-proxying)
2021-05-26 19:29:05.907  INFO 13492 --- [restartedMain] .w.s.a.s.AnnotationActionEndpointMapping : Supporting [WS-Addressing August 2004, WS-Addressing 1.0]
2021-05-26 19:29:06.185  WARN 13492 --- [restartedMain] ConfigServletWebServerApplicationContext : Exception encountered during context initialization - cancelling refresh attempt: org.springframework.context.ApplicationContextException: Unable to start web server; nested exception is org.springframework.boot.web.server.WebServerException: Unable to create tempDir. java.io.tmpdir is set to C:\Users\Aakash\AppData\Local\Temp\
2021-05-26 19:29:06.197  INFO 13492 --- [restartedMain] ConditionEvaluationReportLoggingListener : 

Error starting ApplicationContext. To display the conditions report re-run your application with 'debug' enabled.
2021-05-26 19:29:06.253 ERROR 13492 --- [restartedMain] o.s.boot.SpringApplication               : Application run failed

org.springframework.context.ApplicationContextException: Unable to start web server; nested exception is org.springframework.boot.web.server.WebServerException: Unable to create tempDir. java.io.tmpdir is set to C:\Users\Aakash\AppData\Local\Temp\
	at org.springframework.boot.web.servlet.context.ServletWebServerApplicationContext.onRefresh(ServletWebServerApplicationContext.java:162) ~[spring-boot-2.4.5.jar:2.4.5]
	at org.springframework.context.support.AbstractApplicationContext.refresh(AbstractApplicationContext.java:577) ~[spring-context-5.3.6.jar:5.3.6]
	at org.springframework.boot.web.servlet.context.ServletWebServerApplicationContext.refresh(ServletWebServerApplicationContext.java:144) ~[spring-boot-2.4.5.jar:2.4.5]
	at org.springframework.boot.SpringApplication.refresh(SpringApplication.java:782) ~[spring-boot-2.4.5.jar:2.4.5]
	at org.springframework.boot.SpringApplication.refresh(SpringApplication.java:774) ~[spring-boot-2.4.5.jar:2.4.5]
	at org.springframework.boot.SpringApplication.refreshContext(SpringApplication.java:439) ~[spring-boot-2.4.5.jar:2.4.5]
	at org.springframework.boot.SpringApplication.run(SpringApplication.java:339) ~[spring-boot-2.4.5.jar:2.4.5]
	at org.springframework.boot.SpringApplication.run(SpringApplication.java:1340) ~[spring-boot-2.4.5.jar:2.4.5]
	at org.springframework.boot.SpringApplication.run(SpringApplication.java:1329) ~[spring-boot-2.4.5.jar:2.4.5]
	at com.bl.addressbook.AddressBookApplication.main(AddressBookApplication.java:15) ~[classes/:na]
	at java.base/jdk.internal.reflect.NativeMethodAccessorImpl.invoke0(Native Method) ~[na:na]
	at java.base/jdk.internal.reflect.NativeMethodAccessorImpl.invoke(NativeMethodAccessorImpl.java:64) ~[na:na]
	at java.base/jdk.internal.reflect.DelegatingMethodAccessorImpl.invoke(DelegatingMethodAccessorImpl.java:43) ~[na:na]
	at java.base/java.lang.reflect.Method.invoke(Method.java:564) ~[na:na]
	at org.springframework.boot.devtools.restart.RestartLauncher.run(RestartLauncher.java:49) ~[spring-boot-devtools-2.4.5.jar:2.4.5]
Caused by: org.springframework.boot.web.server.WebServerException: Unable to create tempDir. java.io.tmpdir is set to C:\Users\Aakash\AppData\Local\Temp\
	at org.springframework.boot.web.server.AbstractConfigurableWebServerFactory.createTempDir(AbstractConfigurableWebServerFactory.java:195) ~[spring-boot-2.4.5.jar:2.4.5]
	at org.springframework.boot.web.embedded.tomcat.TomcatServletWebServerFactory.getWebServer(TomcatServletWebServerFactory.java:186) ~[spring-boot-2.4.5.jar:2.4.5]
	at org.springframework.boot.web.servlet.context.ServletWebServerApplicationContext.createWebServer(ServletWebServerApplicationContext.java:181) ~[spring-boot-2.4.5.jar:2.4.5]
	at org.springframework.boot.web.servlet.context.ServletWebServerApplicationContext.onRefresh(ServletWebServerApplicationContext.java:159) ~[spring-boot-2.4.5.jar:2.4.5]
	... 14 common frames omitted
Caused by: java.nio.file.NoSuchFileException: C:\Users\Aakash\AppData\Local\Temp\tomcat.8080.8198626733700598157
	at java.base/sun.nio.fs.WindowsException.translateToIOException(WindowsException.java:85) ~[na:na]
	at java.base/sun.nio.fs.WindowsException.rethrowAsIOException(WindowsException.java:103) ~[na:na]
	at java.base/sun.nio.fs.WindowsException.rethrowAsIOException(WindowsException.java:108) ~[na:na]
	at java.base/sun.nio.fs.WindowsFileSystemProvider.createDirectory(WindowsFileSystemProvider.java:506) ~[na:na]
	at java.base/java.nio.file.Files.createDirectory(Files.java:694) ~[na:na]
	at java.base/java.nio.file.TempFileHelper.create(TempFileHelper.java:135) ~[na:na]
	at java.base/java.nio.file.TempFileHelper.createTempDirectory(TempFileHelper.java:172) ~[na:na]
	at java.base/java.nio.file.Files.createTempDirectory(Files.java:1011) ~[na:na]
	at org.springframework.boot.web.server.AbstractConfigurableWebServerFactory.createTempDir(AbstractConfigurableWebServerFactory.java:189) ~[spring-boot-2.4.5.jar:2.4.5]
	... 17 common frames omitted

